<?xml version="1.0" encoding="UTF-8" ?>
<testsuites>
  <testsuite errors="0" failures="1" hostname="127.0.0.1" id="0" name="testresults" package="mxunit" tests="1" time="0.028" timestamp="12/19/11 10:35:06 PM">
    <properties>
[...]
</properties>
    <testcase classname="test.TestAjaxBInder" name="url_bind_with_no_bind_synstax_should_not_generate_a_bind_expression" time="0.003">
      <failure message="bind expression should have 1 item:: Expected [1.0] BUT RECEIVED [2.0]. These values should be the same. "><![CDATA[bind expression should have 1 item:: Expected [1.0] BUT RECEIVED [2.0]. These values should be the same.  at /Users/andrea/dev/workspace/railo-ajax/mxunit/framework/Assert.cfc:151 at /Users/andrea/dev/workspace/railo-ajax/mxunit/framework/Assert.cfc:226 at /Users/andrea/dev/workspace/railo-ajax/test/TestAjaxBInder.cfc:18 at /Users/andrea/dev/workspace/railo-ajax/mxunit/framework/TestSuiteRunner.cfc:149 at /Users/andrea/dev/workspace/railo-ajax/mxunit/framework/TestSuiteRunner.cfc:97 at /Users/andrea/dev/workspace/railo-ajax/mxunit/framework/TestSuiteRunner.cfc:49 at /Users/andrea/dev/workspace/railo-ajax/mxunit/framework/TestSuite.cfc:125 at /Users/andrea/dev/workspace/railo-ajax/mxunit/runner/DirectoryTestSuite.cfc:37 at /Users/andrea/dev/workspace/railo-ajax/mxunit/runner/HttpAntRunner.cfc:27]]></failure>
    </testcase>
  </testsuite>
</testsuites>
